#
# A fatal error has been detected by the Java Runtime Environment:
#
#  SIGSEGV (0xb) at pc=0x00007f6edd0697ba, pid=1773, tid=0x00007f6e9ffff700
#
# JRE version: OpenJDK Runtime Environment (8.0_151-b12) (build 1.8.0_151-8u151-b12-0ubuntu0.17.04.2-b12)
# Java VM: OpenJDK 64-Bit Server VM (25.151-b12 mixed mode linux-amd64 compressed oops)
# Problematic frame:
# v  ~BufferBlob::jni_fast_GetLongField
#
# Failed to write core dump. Core dumps have been disabled. To enable core dumping, try "ulimit -c unlimited" before starting Java again
#
# If you would like to submit a bug report, please visit:
#   http://bugreport.java.com/bugreport/crash.jsp
# The crash happened outside the Java Virtual Machine in native code.
# See problematic frame for where to report the bug.
#

---------------  T H R E A D  ---------------

Current thread (0x00007f6eec30d800):  JavaThread "AWT-XAWT" daemon [_thread_in_native, id=1907, stack(0x00007f6e9feff000,0x00007f6ea0000000)]

siginfo: si_signo: 11 (SIGSEGV), si_code: 1 (SEGV_MAPERR), si_addr: 0x0000000000000000

Registers:
RAX=0x00007f6ef2c3e040, RBX=0x00007f6eec30d9e0, RCX=0x0000000000000000, RDX=0x0000000000000042
RSP=0x00007f6e9fffe838, RBP=0x00007f6e9fffe860, RSI=0x0000000000000000, RDI=0x00007f6eec30d9e0
R8 =0x00000000d714e200, R9 =0x0000000000000000, R10=0x000000000000002e, R11=0x00007f6edd2d77d8
R12=0x00007f6e840123f0, R13=0x0000000000000000, R14=0x00007f6ecd9bab00, R15=0x00007f6eec30d800
RIP=0x00007f6edd0697ba, EFLAGS=0x0000000000010246, CSGSFS=0x002b000000000033, ERR=0x0000000000000004
  TRAPNO=0x000000000000000e

Top of Stack: (sp=0x00007f6e9fffe838)
0x00007f6e9fffe838:   00007f6ecd798d94 00007f6ecfd1d100
0x00007f6e9fffe848:   00007f6e840123f0 00007f6e9fffe910
0x00007f6e9fffe858:   00007f6e9fffe8e0 0000000000000000
0x00007f6e9fffe868:   00007f6ecd27c300 00007f6ecfd1d100
0x00007f6e9fffe878:   00007f6e9fffe8a0 0000000000000000
0x00007f6e9fffe888:   00007f6ecd273e23 00007f6e9fffe910
0x00007f6e9fffe898:   00007f6ecd790b5f 00007f6e9fffe8f0
0x00007f6e9fffe8a8:   00007f6edd2d7876 0000000000000000
0x00007f6e9fffe8b8:   00007f6edd2c33b6 00007f6e9fffe910
0x00007f6e9fffe8c8:   00007f6edd16592c 00007f6e9fffe970
0x00007f6e9fffe8d8:   00000000d72ffcf0 00000000d72fcf90
0x00007f6e9fffe8e8:   0000000000000001 00007f6e9fffe970
0x00007f6e9fffe8f8:   00007f6edd0077d0 00007f6e9fffe970
0x00007f6e9fffe908:   00007f6edd0077d0 0000000000000000
0x00007f6e9fffe918:   00007f6edd007b10 00007f6e94002e40
0x00007f6e9fffe928:   00000000d73b8790 00007f6e9fffe930
0x00007f6e9fffe938:   00007f6ecfd34424 00007f6e9fffe9b8
0x00007f6e9fffe948:   00007f6ecfd3d3e0 0000000000000000
0x00007f6e9fffe958:   00007f6ecfd34560 00007f6e9fffe910
0x00007f6e9fffe968:   00007f6e9fffe9b0 00007f6e9fffea00
0x00007f6e9fffe978:   00007f6edd007ffd 0000000000000000
0x00007f6e9fffe988:   0000000000000000 0000000000000000
0x00007f6e9fffe998:   0000000000000000 0000000000000000
0x00007f6e9fffe9a8:   00000000d73b8790 0000000000000000
0x00007f6e9fffe9b8:   00000000d7335300 00007f6e9fffe9c0
0x00007f6e9fffe9c8:   00007f6ecfd34265 00007f6e9fffea10
0x00007f6e9fffe9d8:   00007f6ecfd3d3e0 0000000000000000
0x00007f6e9fffe9e8:   00007f6ecfd34270 00007f6e9fffe9b0
0x00007f6e9fffe9f8:   00007f6e9fffea10 00007f6e9fffea58
0x00007f6e9fffea08:   00007f6edd008042 00000000d7335300
0x00007f6e9fffea18:   00007f6e9fffea18 00007f6ecf82d99b
0x00007f6e9fffea28:   00007f6e9fffea68 00007f6ecf8b5138 

Instructions: (pc=0x00007f6edd0697ba)
0x00007f6edd06979a:   00 00 00 00 00 00 44 8b 15 2d 14 c0 15 4c 8b ce
0x00007f6edd0697aa:   41 f6 c2 01 0f 85 2e 00 00 00 4d 33 ca 4d 33 ca
0x00007f6edd0697ba:   4d 8b 09 4c 8b da 49 c1 eb 02 4b 8b 04 19 49 bb
0x00007f6edd0697ca:   d4 ab c6 f2 6e 7f 00 00 4c 33 d8 4c 33 d8 45 3b 

Register to memory mapping:

RAX=0x00007f6ef2c3e040: <offset 0xef8040> in /usr/lib/jvm/java-8-openjdk-amd64/jre/lib/amd64/server/libjvm.so at 0x00007f6ef1d46000
RBX=0x00007f6eec30d9e0 is an unknown value
RCX=0x0000000000000000 is an unknown value
RDX=0x0000000000000042 is an unknown value
RSP=0x00007f6e9fffe838 is pointing into the stack for thread: 0x00007f6eec30d800
RBP=0x00007f6e9fffe860 is pointing into the stack for thread: 0x00007f6eec30d800
RSI=0x0000000000000000 is an unknown value
RDI=0x00007f6eec30d9e0 is an unknown value
R8 =0x00000000d714e200 is an oop
sun.util.logging.PlatformLogger$Level 
 - klass: 'sun/util/logging/PlatformLogger$Level'
R9 =0x0000000000000000 is an unknown value
R10=0x000000000000002e is an unknown value
R11=0x00007f6edd2d77d8 is at entry_point+24 in (nmethod*)0x00007f6edd2d7650
R12=0x00007f6e840123f0 is an unknown value
R13=0x0000000000000000 is an unknown value
R14=0x00007f6ecd9bab00: <offset 0x257b00> in /usr/lib/jvm/java-8-openjdk-amd64/jre/lib/amd64/libawt_xawt.so at 0x00007f6ecd763000
R15=0x00007f6eec30d800 is a thread


Stack: [0x00007f6e9feff000,0x00007f6ea0000000],  sp=0x00007f6e9fffe838,  free space=1022k
Native frames: (J=compiled Java code, j=interpreted, Vv=VM code, C=native code)
v  ~BufferBlob::jni_fast_GetLongField
C  [libX11.so.6+0x64300]  _XimServerDestroy+0x70

Java frames: (J=compiled Java code, j=interpreted, Vv=VM code)
J 721  sun.awt.X11.XlibWrapper.XFilterEvent(JJ)Z (0 bytes) @ 0x00007f6edd2d7804 [0x00007f6edd2d77c0+0x44]
j  sun.awt.X11.XToolkit.run(Z)V+300
j  sun.awt.X11.XToolkit.run()V+5
j  java.lang.Thread.run()V+11
v  ~StubRoutines::call_stub

---------------  P R O C E S S  ---------------

Java Threads: ( => current thread )
  0x00007f6e88070800 JavaThread "XToolkt-Shutdown-Thread" [_thread_blocked, id=29281, stack(0x00007f6e9d9a8000,0x00007f6e9daa9000)]
  0x00007f6eb0001000 JavaThread "SIGTERM handler" daemon [_thread_blocked, id=29279, stack(0x00007f6e9daa9000,0x00007f6e9dbaa000)]
  0x00007f6e84015800 JavaThread "TimerQueue" daemon [_thread_blocked, id=1358, stack(0x00007f6e9dbaa000,0x00007f6e9dcab000)]
  0x00007f6eec00a000 JavaThread "DestroyJavaVM" [_thread_blocked, id=1791, stack(0x00007f6ef399d000,0x00007f6ef3a9e000)]
  0x00007f6eec864800 JavaThread "Thread-1" [_thread_in_native, id=1950, stack(0x00007f6e9c0de000,0x00007f6e9c1df000)]
  0x00007f6e74002800 JavaThread "Thread-0" daemon [_thread_in_native, id=1921, stack(0x00007f6e9cfa7000,0x00007f6e9d7a8000)]
  0x00007f6e94009800 JavaThread "AWT-EventQueue-1" [_thread_blocked, id=1917, stack(0x00007f6e9dcab000,0x00007f6e9ddac000)]
  0x00007f6e94008000 JavaThread "AWT-Shutdown" [_thread_blocked, id=1915, stack(0x00007f6e9ddac000,0x00007f6e9dead000)]
=>0x00007f6eec30d800 JavaThread "AWT-XAWT" daemon [_thread_in_native, id=1907, stack(0x00007f6e9feff000,0x00007f6ea0000000)]
  0x00007f6eec2ed800 JavaThread "Java2D Disposer" daemon [_thread_blocked, id=1902, stack(0x00007f6ecc4cb000,0x00007f6ecc5cc000)]
  0x00007f6eec191000 JavaThread "Service Thread" daemon [_thread_blocked, id=1860, stack(0x00007f6ecdd8c000,0x00007f6ecde8d000)]
  0x00007f6eec179800 JavaThread "C1 CompilerThread2" daemon [_thread_blocked, id=1855, stack(0x00007f6ecde8d000,0x00007f6ecdf8e000)]
  0x00007f6eec178000 JavaThread "C2 CompilerThread1" daemon [_thread_blocked, id=1852, stack(0x00007f6ecdf8e000,0x00007f6ece08f000)]
  0x00007f6eec175000 JavaThread "C2 CompilerThread0" daemon [_thread_blocked, id=1851, stack(0x00007f6ece08f000,0x00007f6ece190000)]
  0x00007f6eec173000 JavaThread "Signal Dispatcher" daemon [_thread_blocked, id=1850, stack(0x00007f6ece190000,0x00007f6ece291000)]
  0x00007f6eec14a800 JavaThread "Finalizer" daemon [_thread_blocked, id=1831, stack(0x00007f6ece6ef000,0x00007f6ece7f0000)]
  0x00007f6eec146000 JavaThread "Reference Handler" daemon [_thread_blocked, id=1826, stack(0x00007f6ece7f0000,0x00007f6ece8f1000)]

Other Threads:
  0x00007f6eec13e800 VMThread [stack: 0x00007f6ece8f1000,0x00007f6ece9f2000] [id=1817]
  0x00007f6eec193800 WatcherThread [stack: 0x00007f6ecdc8b000,0x00007f6ecdd8c000] [id=1861]

VM state:not at safepoint (normal execution)

VM Mutex/Monitor currently owned by a thread: None

Heap:
 PSYoungGen      total 36864K, used 18422K [0x00000000d7000000, 0x00000000d9900000, 0x0000000100000000)
  eden space 31744K, 58% used [0x00000000d7000000,0x00000000d81fdbc8,0x00000000d8f00000)
  from space 5120K, 0% used [0x00000000d9400000,0x00000000d9400000,0x00000000d9900000)
  to   space 5120K, 0% used [0x00000000d8f00000,0x00000000d8f00000,0x00000000d9400000)
 ParOldGen       total 84992K, used 0K [0x0000000085000000, 0x000000008a300000, 0x00000000d7000000)
  object space 84992K, 0% used [0x0000000085000000,0x0000000085000000,0x000000008a300000)
 Metaspace       used 14156K, capacity 14472K, committed 14720K, reserved 1062912K
  class space    used 1705K, capacity 1808K, committed 1920K, reserved 1048576K

Card table byte_map: [0x00007f6edcc27000,0x00007f6edd000000] byte_map_base: 0x00007f6edc7ff000

Marking Bits: (ParMarkBitMap*) 0x00007f6ef2c6a2c0
 Begin Bits: [0x00007f6ed4280000, 0x00007f6ed6140000)
 End Bits:   [0x00007f6ed6140000, 0x00007f6ed8000000)

Polling page: 0x00007f6ef3abc000

CodeCache: size=245760Kb used=3064Kb max_used=3075Kb free=242695Kb
 bounds [0x00007f6edd000000, 0x00007f6edd310000, 0x00007f6eec000000]
 total_blobs=1287 nmethods=740 adapters=462
 compilation: enabled

Compilation events (10 events):
Event: 7214.753 Thread 0x00007f6eec179800  736       3       sun.awt.X11.XPropertyEvent::<init> (30 bytes)
Event: 7214.753 Thread 0x00007f6eec179800 nmethod 736 0x00007f6edd300d10 code [0x00007f6edd300ea0, 0x00007f6edd301248]
Event: 7650.509 Thread 0x00007f6eec175000  737       4       java.util.ArrayList$Itr::hasNext (20 bytes)
Event: 7650.511 Thread 0x00007f6eec175000 nmethod 737 0x00007f6edd2fde10 code [0x00007f6edd2fdf60, 0x00007f6edd2fdff8]
Event: 7721.014 Thread 0x00007f6eec179800  738       3       sun.awt.X11.XPropertyEvent::get_atom (20 bytes)
Event: 7721.015 Thread 0x00007f6eec179800 nmethod 738 0x00007f6edd3005d0 code [0x00007f6edd300760, 0x00007f6edd300b28]
Event: 7894.155 Thread 0x00007f6eec179800  739       1       sun.awt.X11.XBaseWindow::isDisposed (5 bytes)
Event: 7894.155 Thread 0x00007f6eec179800 nmethod 739 0x00007f6edd2fdb50 code [0x00007f6edd2fdca0, 0x00007f6edd2fddb0]
Event: 8018.753 Thread 0x00007f6eec175000  740       4       java.util.Vector$Itr::hasNext (20 bytes)
Event: 8018.754 Thread 0x00007f6eec175000 nmethod 740 0x00007f6edd2fd890 code [0x00007f6edd2fd9e0, 0x00007f6edd2fda78]

GC Heap History (0 events):
No events

Deoptimization events (8 events):
Event: 1.712 Thread 0x00007f6eec00a000 Uncommon trap: reason=bimorphic action=maybe_recompile pc=0x00007f6edd29cc64 method=java.util.HashMap.getNode(ILjava/lang/Object;)Ljava/util/HashMap$Node; @ 126
Event: 1.713 Thread 0x00007f6eec00a000 Uncommon trap: reason=bimorphic action=maybe_recompile pc=0x00007f6edd29cc64 method=java.util.HashMap.getNode(ILjava/lang/Object;)Ljava/util/HashMap$Node; @ 126
Event: 1.713 Thread 0x00007f6eec00a000 Uncommon trap: reason=bimorphic action=maybe_recompile pc=0x00007f6edd29cc64 method=java.util.HashMap.getNode(ILjava/lang/Object;)Ljava/util/HashMap$Node; @ 126
Event: 1.716 Thread 0x00007f6eec00a000 Uncommon trap: reason=bimorphic action=maybe_recompile pc=0x00007f6edd29cc64 method=java.util.HashMap.getNode(ILjava/lang/Object;)Ljava/util/HashMap$Node; @ 126
Event: 1.717 Thread 0x00007f6eec00a000 Uncommon trap: reason=bimorphic action=maybe_recompile pc=0x00007f6edd2954b0 method=java.util.HashMap.getNode(ILjava/lang/Object;)Ljava/util/HashMap$Node; @ 126
Event: 1.747 Thread 0x00007f6eec00a000 Uncommon trap: reason=class_check action=maybe_recompile pc=0x00007f6edd15e1b0 method=java.lang.String.equals(Ljava/lang/Object;)Z @ 8
Event: 1.747 Thread 0x00007f6eec00a000 Uncommon trap: reason=class_check action=maybe_recompile pc=0x00007f6edd15e1b0 method=java.lang.String.equals(Ljava/lang/Object;)Z @ 8
Event: 1.747 Thread 0x00007f6eec00a000 Uncommon trap: reason=class_check action=maybe_recompile pc=0x00007f6edd15e1b0 method=java.lang.String.equals(Ljava/lang/Object;)Z @ 8

Internal exceptions (10 events):
Event: 0.761 Thread 0x00007f6eec00a000 Exception <a 'java/lang/ClassNotFoundException': sun/dc/DuctusRenderingEngine> (0x00000000d73067c8) thrown at [/build/openjdk-8-NF02PR/openjdk-8-8u151-b12/src/hotspot/src/share/vm/classfile/systemDictionary.cpp, line 210]
Event: 1.226 Thread 0x00007f6eec365000 Exception <a 'java/io/FileNotFoundException'> (0x00000000d767ecd8) thrown at [/build/openjdk-8-NF02PR/openjdk-8-8u151-b12/src/hotspot/src/share/vm/prims/jni.cpp, line 709]
Event: 1.228 Thread 0x00007f6eec365000 Exception <a 'java/io/FileNotFoundException'> (0x00000000d769a658) thrown at [/build/openjdk-8-NF02PR/openjdk-8-8u151-b12/src/hotspot/src/share/vm/prims/jni.cpp, line 709]
Event: 1.229 Thread 0x00007f6eec366800 Exception <a 'java/io/FileNotFoundException'> (0x00000000d76f6c90) thrown at [/build/openjdk-8-NF02PR/openjdk-8-8u151-b12/src/hotspot/src/share/vm/prims/jni.cpp, line 709]
Event: 1.238 Thread 0x00007f6eec366800 Exception <a 'java/io/FileNotFoundException'> (0x00000000d7715f38) thrown at [/build/openjdk-8-NF02PR/openjdk-8-8u151-b12/src/hotspot/src/share/vm/prims/jni.cpp, line 709]
Event: 1.241 Thread 0x00007f6eec368800 Exception <a 'java/io/FileNotFoundException'> (0x00000000d780fc38) thrown at [/build/openjdk-8-NF02PR/openjdk-8-8u151-b12/src/hotspot/src/share/vm/prims/jni.cpp, line 709]
Event: 1.247 Thread 0x00007f6eec365000 Exception <a 'java/io/FileNotFoundException'> (0x00000000d76bc440) thrown at [/build/openjdk-8-NF02PR/openjdk-8-8u151-b12/src/hotspot/src/share/vm/prims/jni.cpp, line 709]
Event: 1.247 Thread 0x00007f6eec366800 Exception <a 'java/io/FileNotFoundException'> (0x00000000d7729fd8) thrown at [/build/openjdk-8-NF02PR/openjdk-8-8u151-b12/src/hotspot/src/share/vm/prims/jni.cpp, line 709]
Event: 1.247 Thread 0x00007f6eec365000 Exception <a 'java/io/FileNotFoundException'> (0x00000000d76bca48) thrown at [/build/openjdk-8-NF02PR/openjdk-8-8u151-b12/src/hotspot/src/share/vm/prims/jni.cpp, line 709]
Event: 1.247 Thread 0x00007f6eec368800 Exception <a 'java/io/FileNotFoundException'> (0x00000000d7819f98) thrown at [/build/openjdk-8-NF02PR/openjdk-8-8u151-b12/src/hotspot/src/share/vm/prims/jni.cpp, line 709]

Events (10 events):
Event: 5619.900 loading class javax/swing/TimerQueue$DelayedTimer
Event: 5619.900 loading class java/util/concurrent/Delayed
Event: 5619.900 loading class java/util/concurrent/Delayed done
Event: 5619.900 loading class javax/swing/TimerQueue$DelayedTimer done
Event: 5619.900 loading class java/awt/LightweightDispatcher$2
Event: 5619.901 loading class java/awt/LightweightDispatcher$2 done
Event: 5620.402 loading class javax/swing/Timer$1
Event: 5620.402 loading class javax/swing/Timer$1 done
Event: 7995.792 loading class sun/awt/X11/XErrorEvent
Event: 7995.793 loading class sun/awt/X11/XErrorEvent done


Dynamic libraries:
85000000-8a300000 rw-p 00000000 00:00 0 
8a300000-d7000000 ---p 00000000 00:00 0 
d7000000-d9900000 rw-p 00000000 00:00 0 
d9900000-100000000 ---p 00000000 00:00 0 
100000000-1001e0000 rw-p 00000000 00:00 0 
1001e0000-140000000 ---p 00000000 00:00 0 
5570faea4000-5570faea5000 r-xp 00000000 08:05 3149325                    /usr/lib/jvm/java-8-openjdk-amd64/jre/bin/java
5570fb0a4000-5570fb0a5000 r--p 00000000 08:05 3149325                    /usr/lib/jvm/java-8-openjdk-amd64/jre/bin/java
5570fb0a5000-5570fb0a6000 rw-p 00001000 08:05 3149325                    /usr/lib/jvm/java-8-openjdk-amd64/jre/bin/java
5570fc015000-5570fc036000 rw-p 00000000 00:00 0                          [heap]
7f6e70000000-7f6e70021000 rw-p 00000000 00:00 0 
7f6e70021000-7f6e74000000 ---p 00000000 00:00 0 
7f6e74000000-7f6e74021000 rw-p 00000000 00:00 0 
7f6e74021000-7f6e78000000 ---p 00000000 00:00 0 
7f6e7be00000-7f6e7be80000 rw-p 00000000 00:00 0 
7f6e7be80000-7f6e7c000000 ---p 00000000 00:00 0 
7f6e7c000000-7f6e7c05f000 rw-p 00000000 00:00 0 
7f6e7c05f000-7f6e80000000 ---p 00000000 00:00 0 
7f6e80000000-7f6e80022000 rw-p 00000000 00:00 0 
7f6e80022000-7f6e84000000 ---p 00000000 00:00 0 
7f6e84000000-7f6e84021000 rw-p 00000000 00:00 0 
7f6e84021000-7f6e88000000 ---p 00000000 00:00 0 
7f6e88000000-7f6e88071000 rw-p 00000000 00:00 0 
7f6e88071000-7f6e8c000000 ---p 00000000 00:00 0 
7f6e8c000000-7f6e8c021000 rw-p 00000000 00:00 0 
7f6e8c021000-7f6e90000000 ---p 00000000 00:00 0 
7f6e90000000-7f6e90021000 rw-p 00000000 00:00 0 
7f6e90021000-7f6e94000000 ---p 00000000 00:00 0 
7f6e94000000-7f6e94021000 rw-p 00000000 00:00 0 
7f6e94021000-7f6e98000000 ---p 00000000 00:00 0 
7f6e98000000-7f6e98021000 rw-p 00000000 00:00 0 
7f6e98021000-7f6e9c000000 ---p 00000000 00:00 0 
7f6e9c0de000-7f6e9c0e1000 ---p 00000000 00:00 0 
7f6e9c0e1000-7f6e9c1df000 rw-p 00000000 00:00 0 
7f6e9c1df000-7f6e9c1e4000 r--s 00000000 08:05 2753790                    /home/ali/.cache/fontconfig/5ba06a930d370fc8908802394c707603-le64.cache-6
7f6e9c1e4000-7f6e9c1e9000 r--s 00000000 08:05 2753789                    /home/ali/.cache/fontconfig/07e8f34b6f8fd10e9ee88b67d3d18ee9-le64.cache-6
7f6e9c1e9000-7f6e9c1ee000 r--s 00000000 08:05 2753788                    /home/ali/.cache/fontconfig/555c923a7cae64410b416f0a30449645-le64.cache-6
7f6e9c243000-7f6e9c443000 rw-p 00000000 00:00 0 
7f6e9c443000-7f6e9c448000 r--s 0009a000 08:05 3150110                    /usr/lib/jvm/java-8-openjdk-amd64/jre/lib/jsse.jar
7f6e9c448000-7f6e9c459000 r-xp 00000000 08:05 3150071                    /usr/lib/jvm/java-8-openjdk-amd64/jre/lib/amd64/libnio.so
7f6e9c459000-7f6e9c659000 ---p 00011000 08:05 3150071                    /usr/lib/jvm/java-8-openjdk-amd64/jre/lib/amd64/libnio.so
7f6e9c659000-7f6e9c65a000 r--p 00011000 08:05 3150071                    /usr/lib/jvm/java-8-openjdk-amd64/jre/lib/amd64/libnio.so
7f6e9c65a000-7f6e9c65b000 rw-p 00012000 08:05 3150071                    /usr/lib/jvm/java-8-openjdk-amd64/jre/lib/amd64/libnio.so
7f6e9c65b000-7f6e9c672000 r-xp 00000000 08:05 3150070                    /usr/lib/jvm/java-8-openjdk-amd64/jre/lib/amd64/libnet.so
7f6e9c672000-7f6e9c871000 ---p 00017000 08:05 3150070                    /usr/lib/jvm/java-8-openjdk-amd64/jre/lib/amd64/libnet.so
7f6e9c871000-7f6e9c872000 r--p 00016000 08:05 3150070                    /usr/lib/jvm/java-8-openjdk-amd64/jre/lib/amd64/libnet.so
7f6e9c872000-7f6e9c873000 rw-p 00017000 08:05 3150070                    /usr/lib/jvm/java-8-openjdk-amd64/jre/lib/amd64/libnet.so
7f6e9c873000-7f6e9c8a3000 r-xp 00000000 08:05 3024800                    /usr/lib/x86_64-linux-gnu/libpng16.so.16.28.0
7f6e9c8a3000-7f6e9caa3000 ---p 00030000 08:05 3024800                    /usr/lib/x86_64-linux-gnu/libpng16.so.16.28.0
7f6e9caa3000-7f6e9caa4000 r--p 00030000 08:05 3024800                    /usr/lib/x86_64-linux-gnu/libpng16.so.16.28.0
7f6e9caa4000-7f6e9caa5000 rw-p 00031000 08:05 3024800                    /usr/lib/x86_64-linux-gnu/libpng16.so.16.28.0
7f6e9caa5000-7f6e9cb4c000 r-xp 00000000 08:05 3016460                    /usr/lib/x86_64-linux-gnu/libfreetype.so.6.12.3
7f6e9cb4c000-7f6e9cd4b000 ---p 000a7000 08:05 3016460                    /usr/lib/x86_64-linux-gnu/libfreetype.so.6.12.3
7f6e9cd4b000-7f6e9cd51000 r--p 000a6000 08:05 3016460                    /usr/lib/x86_64-linux-gnu/libfreetype.so.6.12.3
7f6e9cd51000-7f6e9cd52000 rw-p 000ac000 08:05 3016460                    /usr/lib/x86_64-linux-gnu/libfreetype.so.6.12.3
7f6e9cd52000-7f6e9cda4000 r-xp 00000000 08:05 3150052                    /usr/lib/jvm/java-8-openjdk-amd64/jre/lib/amd64/libfontmanager.so
7f6e9cda4000-7f6e9cfa4000 ---p 00052000 08:05 3150052                    /usr/lib/jvm/java-8-openjdk-amd64/jre/lib/amd64/libfontmanager.so
7f6e9cfa4000-7f6e9cfa6000 r--p 00052000 08:05 3150052                    /usr/lib/jvm/java-8-openjdk-amd64/jre/lib/amd64/libfontmanager.so
7f6e9cfa6000-7f6e9cfa7000 rw-p 00054000 08:05 3150052                    /usr/lib/jvm/java-8-openjdk-amd64/jre/lib/amd64/libfontmanager.so
7f6e9cfa7000-7f6e9cfaa000 ---p 00000000 00:00 0 
7f6e9cfaa000-7f6e9d9a8000 rw-p 00000000 00:00 0 
7f6e9d9a8000-7f6e9d9ab000 ---p 00000000 00:00 0 
7f6e9d9ab000-7f6e9daa9000 rw-p 00000000 00:00 0 
7f6e9daa9000-7f6e9daac000 ---p 00000000 00:00 0 
7f6e9daac000-7f6e9dbaa000 rw-p 00000000 00:00 0 
7f6e9dbaa000-7f6e9dbad000 ---p 00000000 00:00 0 
7f6e9dbad000-7f6e9dcab000 rw-p 00000000 00:00 0 
7f6e9dcab000-7f6e9dcae000 ---p 00000000 00:00 0 
7f6e9dcae000-7f6e9ddac000 rw-p 00000000 00:00 0 
7f6e9ddac000-7f6e9ddaf000 ---p 00000000 00:00 0 
7f6e9ddaf000-7f6e9dead000 rw-p 00000000 00:00 0 
7f6e9dead000-7f6e9dec0000 r-xp 00000000 08:05 2757717                    /lib/x86_64-linux-gnu/libgpg-error.so.0.21.0
7f6e9dec0000-7f6e9e0bf000 ---p 00013000 08:05 2757717                    /lib/x86_64-linux-gnu/libgpg-error.so.0.21.0
7f6e9e0bf000-7f6e9e0c0000 r--p 00012000 08:05 2757717                    /lib/x86_64-linux-gnu/libgpg-error.so.0.21.0
7f6e9e0c0000-7f6e9e0c1000 rw-p 00013000 08:05 2757717                    /lib/x86_64-linux-gnu/libgpg-error.so.0.21.0
7f6e9e0c1000-7f6e9e1c8000 r-xp 00000000 08:05 2757311                    /lib/x86_64-linux-gnu/libgcrypt.so.20.1.6
7f6e9e1c8000-7f6e9e3c8000 ---p 00107000 08:05 2757311                    /lib/x86_64-linux-gnu/libgcrypt.so.20.1.6
7f6e9e3c8000-7f6e9e3ca000 r--p 00107000 08:05 2757311                    /lib/x86_64-linux-gnu/libgcrypt.so.20.1.6
7f6e9e3ca000-7f6e9e3d1000 rw-p 00109000 08:05 2757311                    /lib/x86_64-linux-gnu/libgcrypt.so.20.1.6
7f6e9e3d1000-7f6e9e3e8000 r-xp 00000000 08:05 3024597                    /usr/lib/x86_64-linux-gnu/liblz4.so.1.7.1
7f6e9e3e8000-7f6e9e5e7000 ---p 00017000 08:05 3024597                    /usr/lib/x86_64-linux-gnu/liblz4.so.1.7.1
7f6e9e5e7000-7f6e9e5e8000 r--p 00016000 08:05 3024597                    /usr/lib/x86_64-linux-gnu/liblz4.so.1.7.1
7f6e9e5e8000-7f6e9e5e9000 rw-p 00017000 08:05 3024597                    /usr/lib/x86_64-linux-gnu/liblz4.so.1.7.1
7f6e9e5e9000-7f6e9e60d000 r-xp 00000000 08:05 2757736                    /lib/x86_64-linux-gnu/liblzma.so.5.2.2
7f6e9e60d000-7f6e9e80d000 ---p 00024000 08:05 2757736                    /lib/x86_64-linux-gnu/liblzma.so.5.2.2
7f6e9e80d000-7f6e9e80e000 r--p 00024000 08:05 2757736                    /lib/x86_64-linux-gnu/liblzma.so.5.2.2
7f6e9e80e000-7f6e9e80f000 rw-p 00025000 08:05 2757736                    /lib/x86_64-linux-gnu/liblzma.so.5.2.2
7f6e9e80f000-7f6e9e834000 r-xp 00000000 08:05 2757826                    /lib/x86_64-linux-gnu/libselinux.so.1
7f6e9e834000-7f6e9ea33000 ---p 00025000 08:05 2757826                    /lib/x86_64-linux-gnu/libselinux.so.1
7f6e9ea33000-7f6e9ea34000 r--p 00024000 08:05 2757826                    /lib/x86_64-linux-gnu/libselinux.so.1
7f6e9ea34000-7f6e9ea35000 rw-p 00025000 08:05 2757826                    /lib/x86_64-linux-gnu/libselinux.so.1
7f6e9ea35000-7f6e9ea37000 rw-p 00000000 00:00 0 
7f6e9ea37000-7f6e9eaa9000 r-xp 00000000 08:05 2757799                    /lib/x86_64-linux-gnu/libpcre.so.3.13.3
7f6e9eaa9000-7f6e9eca8000 ---p 00072000 08:05 2757799                    /lib/x86_64-linux-gnu/libpcre.so.3.13.3
7f6e9eca8000-7f6e9eca9000 r--p 00071000 08:05 2757799                    /lib/x86_64-linux-gnu/libpcre.so.3.13.3
7f6e9eca9000-7f6e9ecaa000 rw-p 00072000 08:05 2757799                    /lib/x86_64-linux-gnu/libpcre.so.3.13.3
7f6e9ecaa000-7f6e9ecb1000 r-xp 00000000 08:05 3024141                    /usr/lib/x86_64-linux-gnu/libffi.so.6.0.4
7f6e9ecb1000-7f6e9eeb0000 ---p 00007000 08:05 3024141                    /usr/lib/x86_64-linux-gnu/libffi.so.6.0.4
7f6e9eeb0000-7f6e9eeb1000 r--p 00006000 08:05 3024141                    /usr/lib/x86_64-linux-gnu/libffi.so.6.0.4
7f6e9eeb1000-7f6e9eeb2000 rw-p 00007000 08:05 3024141                    /usr/lib/x86_64-linux-gnu/libffi.so.6.0.4
7f6e9eeb2000-7f6e9eefc000 r-xp 00000000 08:05 2757689                    /lib/x86_64-linux-gnu/libdbus-1.so.3.14.7
7f6e9eefc000-7f6e9f0fc000 ---p 0004a000 08:05 2757689                    /lib/x86_64-linux-gnu/libdbus-1.so.3.14.7
7f6e9f0fc000-7f6e9f0fd000 r--p 0004a000 08:05 2757689                    /lib/x86_64-linux-gnu/libdbus-1.so.3.14.7
7f6e9f0fd000-7f6e9f0fe000 rw-p 0004b000 08:05 2757689                    /lib/x86_64-linux-gnu/libdbus-1.so.3.14.7
7f6e9f0fe000-7f6e9f12a000 r-xp 00000000 08:05 3023850                    /usr/lib/x86_64-linux-gnu/libatspi.so.0.0.1
7f6e9f12a000-7f6e9f329000 ---p 0002c000 08:05 3023850                    /usr/lib/x86_64-linux-gnu/libatspi.so.0.0.1
7f6e9f329000-7f6e9f32c000 r--p 0002b000 08:05 3023850                    /usr/lib/x86_64-linux-gnu/libatspi.so.0.0.1
7f6e9f32c000-7f6e9f32d000 rw-p 0002e000 08:05 3023850                    /usr/lib/x86_64-linux-gnu/libatspi.so.0.0.1
7f6e9f32d000-7f6e9f43e000 r-xp 00000000 08:05 2757715                    /lib/x86_64-linux-gnu/libglib-2.0.so.0.5200.0
7f6e9f43e000-7f6e9f63e000 ---p 00111000 08:05 2757715                    /lib/x86_64-linux-gnu/libglib-2.0.so.0.5200.0
7f6e9f63e000-7f6e9f63f000 r--p 00111000 08:05 2757715                    /lib/x86_64-linux-gnu/libglib-2.0.so.0.5200.0
7f6e9f63f000-7f6e9f640000 rw-p 00112000 08:05 2757715                    /lib/x86_64-linux-gnu/libglib-2.0.so.0.5200.0
7f6e9f640000-7f6e9f641000 rw-p 00000000 00:00 0 
7f6e9f641000-7f6e9f692000 r-xp 00000000 08:05 3024302                    /usr/lib/x86_64-linux-gnu/libgobject-2.0.so.0.5200.0
7f6e9f692000-7f6e9f892000 ---p 00051000 08:05 3024302                    /usr/lib/x86_64-linux-gnu/libgobject-2.0.so.0.5200.0
7f6e9f892000-7f6e9f893000 r--p 00051000 08:05 3024302                    /usr/lib/x86_64-linux-gnu/libgobject-2.0.so.0.5200.0
7f6e9f893000-7f6e9f894000 rw-p 00052000 08:05 3024302                    /usr/lib/x86_64-linux-gnu/libgobject-2.0.so.0.5200.0
7f6e9f894000-7f6e9f8c1000 r-xp 00000000 08:05 3023844                    /usr/lib/x86_64-linux-gnu/libatk-bridge-2.0.so.0.0.0
7f6e9f8c1000-7f6e9fac0000 ---p 0002d000 08:05 3023844                    /usr/lib/x86_64-linux-gnu/libatk-bridge-2.0.so.0.0.0
7f6e9fac0000-7f6e9fac1000 r--p 0002c000 08:05 3023844                    /usr/lib/x86_64-linux-gnu/libatk-bridge-2.0.so.0.0.0
7f6e9fac1000-7f6e9fac3000 rw-p 0002d000 08:05 3023844                    /usr/lib/x86_64-linux-gnu/libatk-bridge-2.0.so.0.0.0
7f6e9fac3000-7f6e9fae5000 r-xp 00000000 08:05 3023842                    /usr/lib/x86_64-linux-gnu/libatk-1.0.so.0.22209.1
7f6e9fae5000-7f6e9fce4000 ---p 00022000 08:05 3023842                    /usr/lib/x86_64-linux-gnu/libatk-1.0.so.0.22209.1
7f6e9fce4000-7f6e9fce7000 r--p 00021000 08:05 3023842                    /usr/lib/x86_64-linux-gnu/libatk-1.0.so.0.22209.1
7f6e9fce7000-7f6e9fce8000 rw-p 00024000 08:05 3023842                    /usr/lib/x86_64-linux-gnu/libatk-1.0.so.0.22209.1
7f6e9fce8000-7f6e9fcfe000 r-xp 00000000 08:05 3149319                    /usr/lib/x86_64-linux-gnu/jni/libatk-wrapper.so.6.0.0
7f6e9fcfe000-7f6e9fefd000 ---p 00016000 08:05 3149319                    /usr/lib/x86_64-linux-gnu/jni/libatk-wrapper.so.6.0.0
7f6e9fefd000-7f6e9fefe000 r--p 00015000 08:05 3149319                    /usr/lib/x86_64-linux-gnu/jni/libatk-wrapper.so.6.0.0
7f6e9fefe000-7f6e9feff000 rw-p 00016000 08:05 3149319                    /usr/lib/x86_64-linux-gnu/jni/libatk-wrapper.so.6.0.0
7f6e9feff000-7f6e9ff02000 ---p 00000000 00:00 0 
7f6e9ff02000-7f6ea0000000 rw-p 00000000 00:00 0 
7f6ea0000000-7f6ea0021000 rw-p 00000000 00:00 0 
7f6ea0021000-7f6ea4000000 ---p 00000000 00:00 0 
7f6ea4000000-7f6ea4021000 rw-p 00000000 00:00 0 
7f6ea4021000-7f6ea8000000 ---p 00000000 00:00 0 
7f6ea8000000-7f6ea8445000 rw-p 00000000 00:00 0 
7f6ea8445000-7f6eac000000 ---p 00000000 00:00 0 
7f6eac000000-7f6eac06d000 rw-p 00000000 00:00 0 
7f6eac06d000-7f6eb0000000 ---p 00000000 00:00 0 
7f6eb0000000-7f6eb0021000 rw-p 00000000 00:00 0 
7f6eb0021000-7f6eb4000000 ---p 00000000 00:00 0 
7f6eb4000000-7f6eb40a9000 rw-p 00000000 00:00 0 
7f6eb40a9000-7f6eb8000000 ---p 00000000 00:00 0 
7f6eb8000000-7f6eb8021000 rw-p 00000000 00:00 0 
7f6eb8021000-7f6ebc000000 ---p 00000000 00:00 0 
7f6ebc000000-7f6ebc021000 rw-p 00000000 00:00 0 
7f6ebc021000-7f6ec0000000 ---p 00000000 00:00 0 
7f6ec0000000-7f6ec0021000 rw-p 00000000 00:00 0 
7f6ec0021000-7f6ec4000000 ---p 00000000 00:00 0 
7f6ec4000000-7f6ec4021000 rw-p 00000000 00:00 0 
7f6ec4021000-7f6ec8000000 ---p 00000000 00:00 0 
7f6ec8000000-7f6ec8021000 rw-p 00000000 00:00 0 
7f6ec8021000-7f6ecc000000 ---p 00000000 00:00 0 
7f6ecc003000-7f6ecc006000 r--s 00000000 08:05 2753785                    /home/ali/.cache/fontconfig/bd8a68ca7e6c5561ee9462013196efe4-le64.cache-6
7f6ecc006000-7f6ecc009000 r--s 00000000 08:05 2753784                    /home/ali/.cache/fontconfig/ca2e5b53c5ba23416155f03dba1683ef-le64.cache-6
7f6ecc009000-7f6ecc00c000 r--s 00000000 08:05 2753783                    /home/ali/.cache/fontconfig/1df90717d9f798807ee0064d4b6849b9-le64.cache-6
7f6ecc00c000-7f6ecc00e000 r--s 00000000 08:05 2753781                    /home/ali/.cache/fontconfig/bea6453a584df31f4c8c2ef9287a6a7d-le64.cache-6
7f6ecc00e000-7f6ecc010000 r--s 00000000 08:05 2753780                    /home/ali/.cache/fontconfig/4acb4ca6a03e398657aebb714224ea98-le64.cache-6
7f6ecc010000-7f6ecc012000 r--s 00000000 08:05 2753779                    /home/ali/.cache/fontconfig/bac3e075d36ca3e87e392747c22a100d-le64.cache-6
7f6ecc012000-7f6ecc013000 r--s 00000000 08:05 2753813                    /home/ali/.cache/fontconfig/862217f7670528b82f3c937fffac3c57-le64.cache-6
7f6ecc013000-7f6ecc014000 r--s 00000000 08:05 2753795                    /home/ali/.cache/fontconfig/eb33b80a6ede0aa6cbd9d997d9bb25dc-le64.cache-6
7f6ecc014000-7f6ecc016000 r--s 00000000 08:05 2753793                    /home/ali/.cache/fontconfig/382b4132b7ccacf7f2da7f9cb959cd2f-le64.cache-6
7f6ecc016000-7f6ecc01b000 r--s 00000000 08:05 2753337                    /home/ali/.cache/fontconfig/c80821b5925531d7b27a5128e935dc26-le64.cache-6
7f6ecc01b000-7f6ecc01e000 r--s 00000000 08:05 2753719                    /home/ali/.cache/fontconfig/d333901025c58b440c2329abde6f739c-le64.cache-6
7f6ecc01e000-7f6ecc020000 r--s 00000000 08:05 2753645                    /home/ali/.cache/fontconfig/56811ceb0a002f017ed7398726c3e692-le64.cache-6
7f6ecc020000-7f6ecc023000 r--s 00000000 08:05 2753750                    /home/ali/.cache/fontconfig/d3c22c96d2f261dc31ad4d7b3618b2b8-le64.cache-6
7f6ecc023000-7f6ecc025000 r--s 00000000 08:05 2753589                    /home/ali/.cache/fontconfig/2d462955a4e3074fb2288c71fb6ab149-le64.cache-6
7f6ecc025000-7f6ecc027000 r--s 00000000 08:05 2753812                    /home/ali/.cache/fontconfig/606ab6eaad95c019904fc29d3793b3f3-le64.cache-6
7f6ecc027000-7f6ecc029000 r--s 00000000 08:05 2753569                    /home/ali/.cache/fontconfig/4f259f73d0ec1c32ebba23bed77920e0-le64.cache-6
7f6ecc029000-7f6ecc02b000 r--s 00000000 08:05 2753568                    /home/ali/.cache/fontconfig/74f6854af35079e24b067ec52cbb8607-le64.cache-6
7f6ecc02b000-7f6ecc02d000 r--s 00000000 08:05 2753430                    /home/ali/.cache/fontconfig/5322226d48b3436c7e0d01d83b8f8e65-le64.cache-6
7f6ecc02d000-7f6ecc02f000 r--s 00000000 08:05 2753567                    /home/ali/.cache/fontconfig/23a780152d6e074b51fcfa4999c8d8f7-le64.cache-6
7f6ecc02f000-7f6ecc031000 r--s 00000000 08:05 2753566                    /home/ali/.cache/fontconfig/a9ec3203ef5c6fb5646da4adfa2c3680-le64.cache-6
7f6ecc031000-7f6ecc033000 r--s 00000000 08:05 2753562                    /home/ali/.cache/fontconfig/91b244c966c5dd949f354b5dc943b16c-le64.cache-6
7f6ecc033000-7f6ecc0b6000 r-xp 00000000 08:05 2752812                    /lib/x86_64-linux-gnu/libsystemd.so.0.17.0
7f6ecc0b6000-7f6ecc0b9000 r--p 00082000 08:05 2752812                    /lib/x86_64-linux-gnu/libsystemd.so.0.17.0
7f6ecc0b9000-7f6ecc0ba000 rw-p 00085000 08:05 2752812                    /lib/x86_64-linux-gnu/libsystemd.so.0.17.0
7f6ecc0ba000-7f6ecc0bb000 rw-p 00000000 00:00 0 
7f6ecc0bb000-7f6ecc0c0000 r-xp 00000000 08:05 3023755                    /usr/lib/x86_64-linux-gnu/libXfixes.so.3.1.0
7f6ecc0c0000-7f6ecc2bf000 ---p 00005000 08:05 3023755                    /usr/lib/x86_64-linux-gnu/libXfixes.so.3.1.0
7f6ecc2bf000-7f6ecc2c0000 r--p 00004000 08:05 3023755                    /usr/lib/x86_64-linux-gnu/libXfixes.so.3.1.0
7f6ecc2c0000-7f6ecc2c1000 rw-p 00005000 08:05 3023755                    /usr/lib/x86_64-linux-gnu/libXfixes.so.3.1.0
7f6ecc2c1000-7f6ecc2ca000 r-xp 00000000 08:05 3020469                    /usr/lib/x86_64-linux-gnu/libXcursor.so.1.0.2
7f6ecc2ca000-7f6ecc4c9000 ---p 00009000 08:05 3020469                    /usr/lib/x86_64-linux-gnu/libXcursor.so.1.0.2
7f6ecc4c9000-7f6ecc4ca000 r--p 00008000 08:05 3020469                    /usr/lib/x86_64-linux-gnu/libXcursor.so.1.0.2
7f6ecc4ca000-7f6ecc4cb000 rw-p 00009000 08:05 3020469                    /usr/lib/x86_64-linux-gnu/libXcursor.so.1.0.2
7f6ecc4cb000-7f6ecc4ce000 ---p 00000000 00:00 0 
7f6ecc4ce000-7f6ecc5cc000 rw-p 00000000 00:00 0 
7f6ecc5cc000-7f6ecc5d1000 r-xp 00000000 08:05 3023751                    /usr/lib/x86_64-linux-gnu/libXdmcp.so.6.0.0
7f6ecc5d1000-7f6ecc7d0000 ---p 00005000 08:05 3023751                    /usr/lib/x86_64-linux-gnu/libXdmcp.so.6.0.0
7f6ecc7d0000-7f6ecc7d1000 r--p 00004000 08:05 3023751                    /usr/lib/x86_64-linux-gnu/libXdmcp.so.6.0.0
7f6ecc7d1000-7f6ecc7d2000 rw-p 00005000 08:05 3023751                    /usr/lib/x86_64-linux-gnu/libXdmcp.so.6.0.0
7f6ecc7d2000-7f6ecc7d4000 r-xp 00000000 08:05 3023740                    /usr/lib/x86_64-linux-gnu/libXau.so.6.0.0
7f6ecc7d4000-7f6ecc9d4000 ---p 00002000 08:05 3023740                    /usr/lib/x86_64-linux-gnu/libXau.so.6.0.0
7f6ecc9d4000-7f6ecc9d5000 r--p 00002000 08:05 3023740                    /usr/lib/x86_64-linux-gnu/libXau.so.6.0.0
7f6ecc9d5000-7f6ecc9d6000 rw-p 00003000 08:05 3023740                    /usr/lib/x86_64-linux-gnu/libXau.so.6.0.0
7f6ecc9d6000-7f6ecc9f7000 r-xp 00000000 08:05 3025293                    /usr/lib/x86_64-linux-gnu/libxcb.so.1.1.0
7f6ecc9f7000-7f6eccbf6000 ---p 00021000 08:05 3025293                    /usr/lib/x86_64-linux-gnu/libxcb.so.1.1.0
7f6eccbf6000-7f6eccbf7000 r--p 00020000 08:05 3025293                    /usr/lib/x86_64-linux-gnu/libxcb.so.1.1.0
7f6eccbf7000-7f6eccbf8000 rw-p 00021000 08:05 3025293                    /usr/lib/x86_64-linux-gnu/libxcb.so.1.1.0
7f6eccbf8000-7f6eccc07000 r-xp 00000000 08:05 3023763                    /usr/lib/x86_64-linux-gnu/libXi.so.6.1.0
7f6eccc07000-7f6ecce06000 ---p 0000f000 08:05 3023763                    /usr/lib/x86_64-linux-gnu/libXi.so.6.1.0
7f6ecce06000-7f6ecce07000 r--p 0000e000 08:05 3023763                    /usr/lib/x86_64-linux-gnu/libXi.so.6.1.0
7f6ecce07000-7f6ecce08000 rw-p 0000f000 08:05 3023763                    /usr/lib/x86_64-linux-gnu/libXi.so.6.1.0
7f6ecce08000-7f6ecce0d000 r-xp 00000000 08:05 3023781                    /usr/lib/x86_64-linux-gnu/libXtst.so.6.1.0
7f6ecce0d000-7f6ecd00c000 ---p 00005000 08:05 3023781                    /usr/lib/x86_64-linux-gnu/libXtst.so.6.1.0
7f6ecd00c000-7f6ecd00d000 r--p 00004000 08:05 3023781                    /usr/lib/x86_64-linux-gnu/libXtst.so.6.1.0
7f6ecd00d000-7f6ecd00e000 rw-p 00005000 08:05 3023781                    /usr/lib/x86_64-linux-gnu/libXtst.so.6.1.0
7f6ecd00e000-7f6ecd017000 r-xp 00000000 08:05 3023775                    /usr/lib/x86_64-linux-gnu/libXrender.so.1.3.0
7f6ecd017000-7f6ecd216000 ---p 00009000 08:05 3023775                    /usr/lib/x86_64-linux-gnu/libXrender.so.1.3.0
7f6ecd216000-7f6ecd217000 r--p 00008000 08:05 3023775                    /usr/lib/x86_64-linux-gnu/libXrender.so.1.3.0
7f6ecd217000-7f6ecd218000 rw-p 00009000 08:05 3023775                    /usr/lib/x86_64-linux-gnu/libXrender.so.1.3.0
7f6ecd218000-7f6ecd34c000 r-xp 00000000 08:05 3023736                    /usr/lib/x86_64-linux-gnu/libX11.so.6.3.0
7f6ecd34c000-7f6ecd54c000 ---p 00134000 08:05 3023736                    /usr/lib/x86_64-linux-gnu/libX11.so.6.3.0
7f6ecd54c000-7f6ecd54d000 r--p 00134000 08:05 3023736                    /usr/lib/x86_64-linux-gnu/libX11.so.6.3.0
7f6ecd54d000-7f6ecd551000 rw-p 00135000 08:05 3023736                    /usr/lib/x86_64-linux-gnu/libX11.so.6.3.0
7f6ecd551000-7f6ecd562000 r-xp 00000000 08:05 3023753                    /usr/lib/x86_64-linux-gnu/libXext.so.6.4.0
7f6ecd562000-7f6ecd761000 ---p 00011000 08:05 3023753                    /usr/lib/x86_64-linux-gnu/libXext.so.6.4.0
7f6ecd761000-7f6ecd762000 r--p 00010000 08:05 3023753                    /usr/lib/x86_64-linux-gnu/libXext.so.6.4.0
7f6ecd762000-7f6ecd763000 rw-p 00011000 08:05 3023753                    /usr/lib/x86_64-linux-gnu/libXext.so.6.4.0
7f6ecd763000-7f6ecd7b7000 r-xp 00000000 08:05 3150050                    /usr/lib/jvm/java-8-openjdk-amd64/jre/lib/amd64/libawt_xawt.so
7f6ecd7b7000-7f6ecd9b6000 ---p 00054000 08:05 3150050                    /usr/lib/jvm/java-8-openjdk-amd64/jre/lib/amd64/libawt_xawt.so
7f6ecd9b6000-7f6ecd9b7000 r--p 00053000 08:05 3150050                    /usr/lib/jvm/java-8-openjdk-amd64/jre/lib/amd64/libawt_xawt.so
7f6ecd9b7000-7f6ecd9ba000 rw-p 00054000 08:05 3150050                    /usr/lib/jvm/java-8-openjdk-amd64/jre/lib/amd64/libawt_xawt.so
7f6ecd9ba000-7f6ecd9bb000 rw-p 00000000 00:00 0 
7f6ecd9bb000-7f6ecda5b000 r-xp 00000000 08:05 3150046                    /usr/lib/jvm/java-8-openjdk-amd64/jre/lib/amd64/libawt.so
7f6ecda5b000-7f6ecdc5a000 ---p 000a0000 08:05 3150046                    /usr/lib/jvm/java-8-openjdk-amd64/jre/lib/amd64/libawt.so
7f6ecdc5a000-7f6ecdc5b000 r--p 0009f000 08:05 3150046                    /usr/lib/jvm/java-8-openjdk-amd64/jre/lib/amd64/libawt.so
7f6ecdc5b000-7f6ecdc66000 rw-p 000a0000 08:05 3150046                    /usr/lib/jvm/java-8-openjdk-amd64/jre/lib/amd64/libawt.so
7f6ecdc66000-7f6ecdc8b000 rw-p 00000000 00:00 0 
7f6ecdc8b000-7f6ecdc8c000 ---p 00000000 00:00 0 
7f6ecdc8c000-7f6ecdd8c000 rw-p 00000000 00:00 0 
7f6ecdd8c000-7f6ecdd8f000 ---p 00000000 00:00 0 
7f6ecdd8f000-7f6ecde8d000 rw-p 00000000 00:00 0 
7f6ecde8d000-7f6ecde90000 ---p 00000000 00:00 0 
7f6ecde90000-7f6ecdf8e000 rw-p 00000000 00:00 0 
7f6ecdf8e000-7f6ecdf91000 ---p 00000000 00:00 0 
7f6ecdf91000-7f6ece08f000 rw-p 00000000 00:00 0 
7f6ece08f000-7f6ece092000 ---p 00000000 00:00 0 
7f6ece092000-7f6ece190000 rw-p 00000000 00:00 0 
7f6ece190000-7f6ece193000 ---p 00000000 00:00 0 
7f6ece193000-7f6ece291000 rw-p 00000000 00:00 0 
7f6ece291000-7f6ece6ef000 r--p 00000000 08:05 3019959                    /usr/lib/locale/locale-archive
7f6ece6ef000-7f6ece6f2000 ---p 00000000 00:00 0 
7f6ece6f2000-7f6ece7f0000 rw-p 00000000 00:00 0 
7f6ece7f0000-7f6ece7f3000 ---p 00000000 00:00 0 
7f6ece7f3000-7f6ece8f1000 rw-p 00000000 00:00 0 
7f6ece8f1000-7f6ece8f2000 ---p 00000000 00:00 0 
7f6ece8f2000-7f6ed0000000 rw-p 00000000 00:00 0 
7f6ed0000000-7f6ed0021000 rw-p 00000000 00:00 0 
7f6ed0021000-7f6ed4000000 ---p 00000000 00:00 0 
7f6ed4000000-7f6ed4001000 r--s 00000000 08:05 2753769                    /home/ali/.cache/fontconfig/042a2743f806b8b30357bb8ee79a7105-le64.cache-6
7f6ed4001000-7f6ed4003000 r--s 00000000 08:05 2753500                    /home/ali/.cache/fontconfig/efefd8be9e05f1ae84c9e08e93121a9c-le64.cache-6
7f6ed4003000-7f6ed4005000 r--s 00000000 08:05 2753510                    /home/ali/.cache/fontconfig/0efa122775c5daa3d83665e2251863e2-le64.cache-6
7f6ed4005000-7f6ed4007000 r--s 00000000 08:05 2753490                    /home/ali/.cache/fontconfig/8f7d7f8dde584909457d5bb6dd8aa715-le64.cache-6
7f6ed4007000-7f6ed4009000 r--s 00000000 08:05 2753480                    /home/ali/.cache/fontconfig/b35317c1022bb05d2900a1d1ef6bc1df-le64.cache-6
7f6ed4009000-7f6ed400b000 r--s 00000000 08:05 2753478                    /home/ali/.cache/fontconfig/400180858df82cef77fce62ee3846fd2-le64.cache-6
7f6ed400b000-7f6ed400d000 r--s 00000000 08:05 2753460                    /home/ali/.cache/fontconfig/dc154142d39363454c9225afa9c4c5e2-le64.cache-6
7f6ed400d000-7f6ed400f000 r--s 00000000 08:05 2753450                    /home/ali/.cache/fontconfig/5d5e5d7549733d73f2d404465b3af73c-le64.cache-6
7f6ed400f000-7f6ed4011000 r--s 00000000 08:05 2753440                    /home/ali/.cache/fontconfig/229145e3cc782b0be4f12663cdcb8260-le64.cache-6
7f6ed4011000-7f6ed4013000 r--s 00000000 08:05 2753428                    /home/ali/.cache/fontconfig/a61de18a71af1f5547a6f1b7a2b0f1ab-le64.cache-6
7f6ed4013000-7f6ed4015000 r--s 00000000 08:05 2753381                    /home/ali/.cache/fontconfig/d261ead04e771b4ca73dc6d50874c1d5-le64.cache-6
7f6ed4015000-7f6ed4017000 r--s 00000000 08:05 2753794                    /home/ali/.cache/fontconfig/d286d9ed708881dc6acfc93dfc1c6127-le64.cache-6
7f6ed4017000-7f6ed4019000 r--s 00000000 08:05 2753771                    /home/ali/.cache/fontconfig/38943cc842adb60e686ddbc32c132854-le64.cache-6
7f6ed4019000-7f6ed401d000 r--s 00000000 08:05 2753354                    /home/ali/.cache/fontconfig/acc3d00837efa3039c11eb59217f3d0c-le64.cache-6
7f6ed401d000-7f6ed4020000 r--s 00000000 08:05 2753749                    /home/ali/.cache/fontconfig/2461f0401d85e9f62eecfeca01fb1cb5-le64.cache-6
7f6ed4020000-7f6ed4023000 r--s 00000000 08:05 2753723                    /home/ali/.cache/fontconfig/b49e82287cee46b0b68c10446c4c6d01-le64.cache-6
7f6ed4023000-7f6ed4024000 r--s 00000000 08:05 2753776                    /home/ali/.cache/fontconfig/e82d5e01f3ca16367c6c0e21700bd41d-le64.cache-6
7f6ed4024000-7f6ed4025000 r--s 00000000 08:05 2753775                    /home/ali/.cache/fontconfig/bb33e927801fb0dd17d95df0049bc971-le64.cache-6
7f6ed4025000-7f6ed4033000 r--s 00000000 08:05 2753768                    /home/ali/.cache/fontconfig/6177d12732c9293ade4caa5052944bf8-le64.cache-6
7f6ed4033000-7f6ed403e000 r--s 00000000 08:05 1053646                    /var/cache/fontconfig/945677eb7aeaf62f1d50efc3fb3ec7d8-le64.cache-6
7f6ed403e000-7f6ed4044000 r--s 00000000 08:05 1053629                    /var/cache/fontconfig/2cd17615ca594fa2959ae173292e504c-le64.cache-6
7f6ed4044000-7f6ed4045000 r--s 00000000 08:05 1053626                    /var/cache/fontconfig/0d8c3b2ac0904cb8a57a757ad11a4a08-le64.cache-6
7f6ed4045000-7f6ed405a000 r--s 00000000 08:05 1053622                    /var/cache/fontconfig/04aabc0a78ac019cf9454389977116d2-le64.cache-6
7f6ed405a000-7f6ed405b000 r--s 00000000 08:05 1053628                    /var/cache/fontconfig/1ac9eb803944fde146138c791f5cc56a-le64.cache-6
7f6ed405b000-7f6ed405f000 r--s 00000000 08:05 1053633                    /var/cache/fontconfig/385c0604a188198f04d133e54aba7fe7-le64.cache-6
7f6ed405f000-7f6ed4060000 r--s 00000000 08:05 1053659                    /var/cache/fontconfig/dc05db6664285cc2f12bf69c139ae4c3-le64.cache-6
7f6ed4060000-7f6ed4063000 r--s 00000000 08:05 1053643                    /var/cache/fontconfig/767a8244fc0220cfb567a839d0392e0b-le64.cache-6
7f6ed4063000-7f6ed4064000 r--s 00000000 08:05 1053635                    /var/cache/fontconfig/4794a0821666d79190d59a36cb4f44b5-le64.cache-6
7f6ed4064000-7f6ed4065000 r--s 00000000 08:05 1053624                    /var/cache/fontconfig/0bd3dc0958fa2205aaaa8ebb13e2872b-le64.cache-6
7f6ed4065000-7f6ed406b000 r--s 00000000 08:05 1053645                    /var/cache/fontconfig/8801497958630a81b71ace7c5f9b32a8-le64.cache-6
7f6ed406b000-7f6ed406c000 r--s 00000000 08:05 1053652                    /var/cache/fontconfig/bab58bb527bb656aaa9f116d68a48d89-le64.cache-6
7f6ed406c000-7f6ed4072000 r--s 00000000 08:05 1053630                    /var/cache/fontconfig/3047814df9a2f067bd2d96a2b9c36e5a-le64.cache-6
7f6ed4072000-7f6ed4078000 r--s 00000000 08:05 1053650                    /var/cache/fontconfig/b47c4e1ecd0709278f4910c18777a504-le64.cache-6
7f6ed4078000-7f6ed407b000 ---p 00000000 00:00 0 
7f6ed407b000-7f6ed40b1000 rw-p 00000000 00:00 0 
7f6ed40b1000-7f6ed4280000 r--s 03c21000 08:05 3150115                    /usr/lib/jvm/java-8-openjdk-amd64/jre/lib/rt.jar
7f6ed4280000-7f6ed8000000 rw-p 00000000 00:00 0 
7f6ed8000000-7f6ed8021000 rw-p 00000000 00:00 0 
7f6ed8021000-7f6edc000000 ---p 00000000 00:00 0 
7f6edc000000-7f6edc013000 r--s 00000000 08:05 1053656                    /var/cache/fontconfig/d52a8644073d54c13679302ca1180695-le64.cache-6
7f6edc013000-7f6edc01f000 r--s 00000000 08:05 1054092                    /var/cache/fontconfig/d589a48862398ed80a3d6066f4f56f4c-le64.cache-6
7f6edc01f000-7f6edc031000 r--s 00000000 08:05 1053648                    /var/cache/fontconfig/9b89f8e3dae116d678bbf48e5f21f69b-le64.cache-6
7f6edc031000-7f6edc044000 r--s 00346000 08:05 3150114                    /usr/lib/jvm/java-8-openjdk-amd64/jre/lib/resources.jar
7f6edc044000-7f6edc593000 rw-p 00000000 00:00 0 
7f6edc593000-7f6edc594000 ---p 00000000 00:00 0 
7f6edc594000-7f6edc694000 rw-p 00000000 00:00 0 
7f6edc694000-7f6edc695000 ---p 00000000 00:00 0 
7f6edc695000-7f6edc795000 rw-p 00000000 00:00 0 
7f6edc795000-7f6edc796000 ---p 00000000 00:00 0 
7f6edc796000-7f6edc896000 rw-p 00000000 00:00 0 
7f6edc896000-7f6edc897000 ---p 00000000 00:00 0 
7f6edc897000-7f6edc9c1000 rw-p 00000000 00:00 0 
7f6edc9c1000-7f6edcc27000 ---p 00000000 00:00 0 
7f6edcc27000-7f6edcc51000 rw-p 00000000 00:00 0 
7f6edcc51000-7f6edceb7000 ---p 00000000 00:00 0 
7f6edceb7000-7f6edcecc000 rw-p 00000000 00:00 0 
7f6edcecc000-7f6edcfff000 ---p 00000000 00:00 0 
7f6edcfff000-7f6edd000000 rw-p 00000000 00:00 0 
7f6edd000000-7f6edd310000 rwxp 00000000 00:00 0 
7f6edd310000-7f6eec000000 ---p 00000000 00:00 0 
7f6eec000000-7f6eec86a000 rw-p 00000000 00:00 0 
7f6eec86a000-7f6ef0000000 ---p 00000000 00:00 0 
7f6ef0000000-7f6ef0001000 r--s 00000000 08:05 1053638                    /var/cache/fontconfig/56cf4f4769d0f4abc89a4895d7bd3ae1-le64.cache-6
7f6ef0001000-7f6ef0002000 r--s 00000000 08:05 1053651                    /var/cache/fontconfig/b9d506c9ac06c20b433354fa67a72993-le64.cache-6
7f6ef0002000-7f6ef0003000 r--s 00000000 08:05 1053637                    /var/cache/fontconfig/551ecf3b0e8b0bca0f25c0944f561853-le64.cache-6
7f6ef0003000-7f6ef0004000 r--s 00000000 08:05 1053634                    /var/cache/fontconfig/3f7329c5293ffd510edef78f73874cfd-le64.cache-6
7f6ef0004000-7f6ef0005000 r--s 00000000 08:05 1053631                    /var/cache/fontconfig/30829fa25452a46451e813d634d7f916-le64.cache-6
7f6ef0005000-7f6ef0006000 r--s 00000000 08:05 1053625                    /var/cache/fontconfig/0c9eb80ebd1c36541ebe2852d3bb0c49-le64.cache-6
7f6ef0006000-7f6ef0009000 r--s 00000000 08:05 1053660                    /var/cache/fontconfig/e13b20fdb08344e0e664864cc2ede53d-le64.cache-6
7f6ef0009000-7f6ef0010000 r--s 000f4000 08:05 2623662                    /home/ali/xdm/xdm.jar
7f6ef0010000-7f6ef002b000 r--s 00394000 08:05 3150089                    /usr/lib/jvm/java-8-openjdk-amd64/jre/lib/ext/cldrdata.jar
7f6ef002b000-7f6ef0031000 r--s 0003a000 08:05 3150096                    /usr/lib/jvm/java-8-openjdk-amd64/jre/lib/ext/sunjce_provider.jar
7f6ef0031000-7f6ef004c000 r--s 001d6000 08:05 3150094                    /usr/lib/jvm/java-8-openjdk-amd64/jre/lib/ext/nashorn.jar
7f6ef004c000-7f6ef0059000 rw-p 00000000 00:00 0 
7f6ef0059000-7f6ef040c000 ---p 00000000 00:00 0 
7f6ef040c000-7f6ef0414000 r-xp 00000000 08:05 3150078                    /usr/lib/jvm/java-8-openjdk-amd64/jre/lib/amd64/libzip.so
7f6ef0414000-7f6ef0613000 ---p 00008000 08:05 3150078                    /usr/lib/jvm/java-8-openjdk-amd64/jre/lib/amd64/libzip.so
7f6ef0613000-7f6ef0614000 r--p 00007000 08:05 3150078                    /usr/lib/jvm/java-8-openjdk-amd64/jre/lib/amd64/libzip.so
7f6ef0614000-7f6ef0615000 rw-p 00008000 08:05 3150078                    /usr/lib/jvm/java-8-openjdk-amd64/jre/lib/amd64/libzip.so
7f6ef0615000-7f6ef0620000 r-xp 00000000 08:05 2759147                    /lib/x86_64-linux-gnu/libnss_files-2.24.so
7f6ef0620000-7f6ef081f000 ---p 0000b000 08:05 2759147                    /lib/x86_64-linux-gnu/libnss_files-2.24.so
7f6ef081f000-7f6ef0820000 r--p 0000a000 08:05 2759147                    /lib/x86_64-linux-gnu/libnss_files-2.24.so
7f6ef0820000-7f6ef0821000 rw-p 0000b000 08:05 2759147                    /lib/x86_64-linux-gnu/libnss_files-2.24.so
7f6ef0821000-7f6ef0827000 rw-p 00000000 00:00 0 
7f6ef0827000-7f6ef0832000 r-xp 00000000 08:05 2759149                    /lib/x86_64-linux-gnu/libnss_nis-2.24.so
7f6ef0832000-7f6ef0a31000 ---p 0000b000 08:05 2759149                    /lib/x86_64-linux-gnu/libnss_nis-2.24.so
7f6ef0a31000-7f6ef0a32000 r--p 0000a000 08:05 2759149                    /lib/x86_64-linux-gnu/libnss_nis-2.24.so
7f6ef0a32000-7f6ef0a33000 rw-p 0000b000 08:05 2759149                    /lib/x86_64-linux-gnu/libnss_nis-2.24.so
7f6ef0a33000-7f6ef0a49000 r-xp 00000000 08:05 2759144                    /lib/x86_64-linux-gnu/libnsl-2.24.so
7f6ef0a49000-7f6ef0c48000 ---p 00016000 08:05 2759144                    /lib/x86_64-linux-gnu/libnsl-2.24.so
7f6ef0c48000-7f6ef0c49000 r--p 00015000 08:05 2759144                    /lib/x86_64-linux-gnu/libnsl-2.24.so
7f6ef0c49000-7f6ef0c4a000 rw-p 00016000 08:05 2759144                    /lib/x86_64-linux-gnu/libnsl-2.24.so
7f6ef0c4a000-7f6ef0c4c000 rw-p 00000000 00:00 0 
7f6ef0c4c000-7f6ef0c54000 r-xp 00000000 08:05 2759145                    /lib/x86_64-linux-gnu/libnss_compat-2.24.so
7f6ef0c54000-7f6ef0e53000 ---p 00008000 08:05 2759145                    /lib/x86_64-linux-gnu/libnss_compat-2.24.so
7f6ef0e53000-7f6ef0e54000 r--p 00007000 08:05 2759145                    /lib/x86_64-linux-gnu/libnss_compat-2.24.so
7f6ef0e54000-7f6ef0e55000 rw-p 00008000 08:05 2759145                    /lib/x86_64-linux-gnu/libnss_compat-2.24.so
7f6ef0e55000-7f6ef0e82000 r-xp 00000000 08:05 3150059                    /usr/lib/jvm/java-8-openjdk-amd64/jre/lib/amd64/libjava.so
7f6ef0e82000-7f6ef1081000 ---p 0002d000 08:05 3150059                    /usr/lib/jvm/java-8-openjdk-amd64/jre/lib/amd64/libjava.so
7f6ef1081000-7f6ef1082000 r--p 0002c000 08:05 3150059                    /usr/lib/jvm/java-8-openjdk-amd64/jre/lib/amd64/libjava.so
7f6ef1082000-7f6ef1084000 rw-p 0002d000 08:05 3150059                    /usr/lib/jvm/java-8-openjdk-amd64/jre/lib/amd64/libjava.so
7f6ef1084000-7f6ef1093000 r-xp 00000000 08:05 3150077                    /usr/lib/jvm/java-8-openjdk-amd64/jre/lib/amd64/libverify.so
7f6ef1093000-7f6ef1293000 ---p 0000f000 08:05 3150077                    /usr/lib/jvm/java-8-openjdk-amd64/jre/lib/amd64/libverify.so
7f6ef1293000-7f6ef1295000 r--p 0000f000 08:05 3150077                    /usr/lib/jvm/java-8-openjdk-amd64/jre/lib/amd64/libverify.so
7f6ef1295000-7f6ef1296000 rw-p 00011000 08:05 3150077                    /usr/lib/jvm/java-8-openjdk-amd64/jre/lib/amd64/libverify.so
7f6ef1296000-7f6ef129d000 r-xp 00000000 08:05 2759158                    /lib/x86_64-linux-gnu/librt-2.24.so
7f6ef129d000-7f6ef149c000 ---p 00007000 08:05 2759158                    /lib/x86_64-linux-gnu/librt-2.24.so
7f6ef149c000-7f6ef149d000 r--p 00006000 08:05 2759158                    /lib/x86_64-linux-gnu/librt-2.24.so
7f6ef149d000-7f6ef149e000 rw-p 00007000 08:05 2759158                    /lib/x86_64-linux-gnu/librt-2.24.so
7f6ef149e000-7f6ef14b4000 r-xp 00000000 08:05 2757711                    /lib/x86_64-linux-gnu/libgcc_s.so.1
7f6ef14b4000-7f6ef16b3000 ---p 00016000 08:05 2757711                    /lib/x86_64-linux-gnu/libgcc_s.so.1
7f6ef16b3000-7f6ef16b4000 r--p 00015000 08:05 2757711                    /lib/x86_64-linux-gnu/libgcc_s.so.1
7f6ef16b4000-7f6ef16b5000 rw-p 00016000 08:05 2757711                    /lib/x86_64-linux-gnu/libgcc_s.so.1
7f6ef16b5000-7f6ef17bd000 r-xp 00000000 08:05 2759141                    /lib/x86_64-linux-gnu/libm-2.24.so
7f6ef17bd000-7f6ef19bc000 ---p 00108000 08:05 2759141                    /lib/x86_64-linux-gnu/libm-2.24.so
7f6ef19bc000-7f6ef19bd000 r--p 00107000 08:05 2759141                    /lib/x86_64-linux-gnu/libm-2.24.so
7f6ef19bd000-7f6ef19be000 rw-p 00108000 08:05 2759141                    /lib/x86_64-linux-gnu/libm-2.24.so
7f6ef19be000-7f6ef1b37000 r-xp 00000000 08:05 3024987                    /usr/lib/x86_64-linux-gnu/libstdc++.so.6.0.22
7f6ef1b37000-7f6ef1d36000 ---p 00179000 08:05 3024987                    /usr/lib/x86_64-linux-gnu/libstdc++.so.6.0.22
7f6ef1d36000-7f6ef1d40000 r--p 00178000 08:05 3024987                    /usr/lib/x86_64-linux-gnu/libstdc++.so.6.0.22
7f6ef1d40000-7f6ef1d42000 rw-p 00182000 08:05 3024987                    /usr/lib/x86_64-linux-gnu/libstdc++.so.6.0.22
7f6ef1d42000-7f6ef1d46000 rw-p 00000000 00:00 0 
7f6ef1d46000-7f6ef299b000 r-xp 00000000 08:05 3150080                    /usr/lib/jvm/java-8-openjdk-amd64/jre/lib/amd64/server/libjvm.so
7f6ef299b000-7f6ef2b9b000 ---p 00c55000 08:05 3150080                    /usr/lib/jvm/java-8-openjdk-amd64/jre/lib/amd64/server/libjvm.so
7f6ef2b9b000-7f6ef2c2e000 r--p 00c55000 08:05 3150080                    /usr/lib/jvm/java-8-openjdk-amd64/jre/lib/amd64/server/libjvm.so
7f6ef2c2e000-7f6ef2c57000 rw-p 00ce8000 08:05 3150080                    /usr/lib/jvm/java-8-openjdk-amd64/jre/lib/amd64/server/libjvm.so
7f6ef2c57000-7f6ef2c87000 rw-p 00000000 00:00 0 
7f6ef2c87000-7f6ef2c9f000 r-xp 00000000 08:05 2759156                    /lib/x86_64-linux-gnu/libpthread-2.24.so
7f6ef2c9f000-7f6ef2e9f000 ---p 00018000 08:05 2759156                    /lib/x86_64-linux-gnu/libpthread-2.24.so
7f6ef2e9f000-7f6ef2ea0000 r--p 00018000 08:05 2759156                    /lib/x86_64-linux-gnu/libpthread-2.24.so
7f6ef2ea0000-7f6ef2ea1000 rw-p 00019000 08:05 2759156                    /lib/x86_64-linux-gnu/libpthread-2.24.so
7f6ef2ea1000-7f6ef2ea5000 rw-p 00000000 00:00 0 
7f6ef2ea5000-7f6ef2ea8000 r-xp 00000000 08:05 2759140                    /lib/x86_64-linux-gnu/libdl-2.24.so
7f6ef2ea8000-7f6ef30a7000 ---p 00003000 08:05 2759140                    /lib/x86_64-linux-gnu/libdl-2.24.so
7f6ef30a7000-7f6ef30a8000 r--p 00002000 08:05 2759140                    /lib/x86_64-linux-gnu/libdl-2.24.so
7f6ef30a8000-7f6ef30a9000 rw-p 00003000 08:05 2759140                    /lib/x86_64-linux-gnu/libdl-2.24.so
7f6ef30a9000-7f6ef30c4000 r-xp 00000000 08:05 2757854                    /lib/x86_64-linux-gnu/libz.so.1.2.11
7f6ef30c4000-7f6ef32c3000 ---p 0001b000 08:05 2757854                    /lib/x86_64-linux-gnu/libz.so.1.2.11
7f6ef32c3000-7f6ef32c4000 r--p 0001a000 08:05 2757854                    /lib/x86_64-linux-gnu/libz.so.1.2.11
7f6ef32c4000-7f6ef32c5000 rw-p 0001b000 08:05 2757854                    /lib/x86_64-linux-gnu/libz.so.1.2.11
7f6ef32c5000-7f6ef3483000 r-xp 00000000 08:05 2759136                    /lib/x86_64-linux-gnu/libc-2.24.so
7f6ef3483000-7f6ef3682000 ---p 001be000 08:05 2759136                    /lib/x86_64-linux-gnu/libc-2.24.so
7f6ef3682000-7f6ef3686000 r--p 001bd000 08:05 2759136                    /lib/x86_64-linux-gnu/libc-2.24.so
7f6ef3686000-7f6ef3688000 rw-p 001c1000 08:05 2759136                    /lib/x86_64-linux-gnu/libc-2.24.so
7f6ef3688000-7f6ef368c000 rw-p 00000000 00:00 0 
7f6ef368c000-7f6ef3699000 r-xp 00000000 08:05 3149335                    /usr/lib/jvm/java-8-openjdk-amd64/jre/lib/amd64/jli/libjli.so
7f6ef3699000-7f6ef3899000 ---p 0000d000 08:05 3149335                    /usr/lib/jvm/java-8-openjdk-amd64/jre/lib/amd64/jli/libjli.so
7f6ef3899000-7f6ef389a000 r--p 0000d000 08:05 3149335                    /usr/lib/jvm/java-8-openjdk-amd64/jre/lib/amd64/jli/libjli.so
7f6ef389a000-7f6ef389b000 rw-p 0000e000 08:05 3149335                    /usr/lib/jvm/java-8-openjdk-amd64/jre/lib/amd64/jli/libjli.so
7f6ef389b000-7f6ef38c1000 r-xp 00000000 08:05 2757604                    /lib/x86_64-linux-gnu/ld-2.24.so
7f6ef38c1000-7f6ef38c5000 r--s 00000000 08:05 1048590                    /var/cache/fontconfig/7ef2298fde41cc6eeb7af42e48b7d293-le64.cache-6
7f6ef38c5000-7f6ef38c6000 r--s 00010000 08:05 3150098                    /usr/lib/jvm/java-8-openjdk-amd64/jre/lib/ext/zipfs.jar
7f6ef38c6000-7f6ef38c9000 r--s 0000f000 08:05 3150091                    /usr/lib/jvm/java-8-openjdk-amd64/jre/lib/ext/icedtea-sound.jar
7f6ef38c9000-7f6ef38cd000 r--s 00037000 08:05 3150097                    /usr/lib/jvm/java-8-openjdk-amd64/jre/lib/ext/sunpkcs11.jar
7f6ef38cd000-7f6ef399d000 rw-p 00000000 00:00 0 
7f6ef399d000-7f6ef39a0000 ---p 00000000 00:00 0 
7f6ef39a0000-7f6ef3aa2000 rw-p 00000000 00:00 0 
7f6ef3aa2000-7f6ef3aa3000 r--s 0000a000 08:05 3150092                    /usr/lib/jvm/java-8-openjdk-amd64/jre/lib/ext/jaccess.jar
7f6ef3aa3000-7f6ef3aa5000 r--s 00007000 08:05 3549598                    /usr/share/java/java-atk-wrapper.jar
7f6ef3aa5000-7f6ef3aa7000 r--s 00008000 08:05 3150095                    /usr/lib/jvm/java-8-openjdk-amd64/jre/lib/ext/sunec.jar
7f6ef3aa7000-7f6ef3aa9000 r--s 00001000 08:05 3150090                    /usr/lib/jvm/java-8-openjdk-amd64/jre/lib/ext/dnsns.jar
7f6ef3aa9000-7f6ef3ab3000 r--s 00116000 08:05 3150093                    /usr/lib/jvm/java-8-openjdk-amd64/jre/lib/ext/localedata.jar
7f6ef3ab3000-7f6ef3abb000 rw-s 00000000 08:05 3279833                    /tmp/hsperfdata_ali/1773
7f6ef3abb000-7f6ef3abc000 rw-p 00000000 00:00 0 
7f6ef3abc000-7f6ef3abd000 r--p 00000000 00:00 0 
7f6ef3abd000-7f6ef3ac0000 rw-p 00000000 00:00 0 
7f6ef3ac0000-7f6ef3ac1000 r--p 00025000 08:05 2757604                    /lib/x86_64-linux-gnu/ld-2.24.so
7f6ef3ac1000-7f6ef3ac2000 rw-p 00026000 08:05 2757604                    /lib/x86_64-linux-gnu/ld-2.24.so
7f6ef3ac2000-7f6ef3ac3000 rw-p 00000000 00:00 0 
7ffc22d1e000-7ffc22d3f000 rw-p 00000000 00:00 0                          [stack]
7ffc22dac000-7ffc22dae000 r--p 00000000 00:00 0                          [vvar]
7ffc22dae000-7ffc22db0000 r-xp 00000000 00:00 0                          [vdso]
ffffffffff600000-ffffffffff601000 r-xp 00000000 00:00 0                  [vsyscall]

VM Arguments:
java_command: /home/ali/xdm/xdm.jar -m
java_class_path (initial): /home/ali/xdm/xdm.jar
Launcher Type: SUN_STANDARD

Environment Variables:
PATH=/usr/local/texlive/2011/bin/i386-linux:/usr/local/sbin:/usr/local/bin:/usr/sbin:/usr/bin:/sbin:/bin:/usr/games:/snap/bin
SHELL=/bin/bash
DISPLAY=:0

Signal Handlers:
SIGSEGV: [libjvm.so+0xa6be90], sa_mask[0]=11111111011111111101111111111110, sa_flags=SA_RESTART|SA_SIGINFO
SIGBUS: [libjvm.so+0xa6be90], sa_mask[0]=11111111011111111101111111111110, sa_flags=SA_RESTART|SA_SIGINFO
SIGFPE: [libjvm.so+0x8b63b0], sa_mask[0]=11111111011111111101111111111110, sa_flags=SA_RESTART|SA_SIGINFO
SIGPIPE: [libjvm.so+0x8b63b0], sa_mask[0]=11111111011111111101111111111110, sa_flags=SA_RESTART|SA_SIGINFO
SIGXFSZ: [libjvm.so+0x8b63b0], sa_mask[0]=11111111011111111101111111111110, sa_flags=SA_RESTART|SA_SIGINFO
SIGILL: [libjvm.so+0x8b63b0], sa_mask[0]=11111111011111111101111111111110, sa_flags=SA_RESTART|SA_SIGINFO
SIGUSR1: SIG_DFL, sa_mask[0]=00000000000000000000000000000000, sa_flags=none
SIGUSR2: [libjvm.so+0x8b6260], sa_mask[0]=00000000000000000000000000000000, sa_flags=SA_RESTART|SA_SIGINFO
SIGHUP: [libjvm.so+0x8b6710], sa_mask[0]=11111111011111111101111111111110, sa_flags=SA_RESTART|SA_SIGINFO
SIGINT: [libjvm.so+0x8b6710], sa_mask[0]=11111111011111111101111111111110, sa_flags=SA_RESTART|SA_SIGINFO
SIGTERM: [libjvm.so+0x8b6710], sa_mask[0]=11111111011111111101111111111110, sa_flags=SA_RESTART|SA_SIGINFO
SIGQUIT: [libjvm.so+0x8b6710], sa_mask[0]=11111111011111111101111111111110, sa_flags=SA_RESTART|SA_SIGINFO


---------------  S Y S T E M  ---------------

OS:DISTRIB_ID=Ubuntu
DISTRIB_RELEASE=17.04
DISTRIB_CODENAME=zesty
DISTRIB_DESCRIPTION="Ubuntu 17.04"

uname:Linux 4.10.0-40-generic #44-Ubuntu SMP Thu Nov 9 14:49:09 UTC 2017 x86_64
libc:glibc 2.24 NPTL 2.24 
rlimit: STACK 8192k, CORE 0k, NPROC 31286, NOFILE 4096, AS infinity
load average:0.43 1.02 2.54

/proc/meminfo:
MemTotal:        8055040 kB
MemFree:         1529832 kB
MemAvailable:    7156512 kB
Buffers:          172364 kB
Cached:          5770284 kB
SwapCached:            0 kB
Active:          3031092 kB
Inactive:        3098464 kB
Active(anon):     157832 kB
Inactive(anon):   306208 kB
Active(file):    2873260 kB
Inactive(file):  2792256 kB
Unevictable:          48 kB
Mlocked:              48 kB
SwapTotal:       2097148 kB
SwapFree:        2097148 kB
Dirty:                 0 kB
Writeback:            16 kB
AnonPages:        178872 kB
Mapped:           128820 kB
Shmem:            277064 kB
Slab:             312120 kB
SReclaimable:     271376 kB
SUnreclaim:        40744 kB
KernelStack:        3656 kB
PageTables:         9008 kB
NFS_Unstable:          0 kB
Bounce:                0 kB
WritebackTmp:          0 kB
CommitLimit:     6124668 kB
Committed_AS:    1208440 kB
VmallocTotal:   34359738367 kB
VmallocUsed:           0 kB
VmallocChunk:          0 kB
HardwareCorrupted:     0 kB
AnonHugePages:    163840 kB
ShmemHugePages:        0 kB
ShmemPmdMapped:        0 kB
CmaTotal:              0 kB
CmaFree:               0 kB
HugePages_Total:       0
HugePages_Free:        0
HugePages_Rsvd:        0
HugePages_Surp:        0
Hugepagesize:       2048 kB
DirectMap4k:      170544 kB
DirectMap2M:     6002688 kB
DirectMap1G:     3145728 kB


CPU:total 4 (initial active 4) (2 cores per cpu, 2 threads per core) family 6 model 78 stepping 3, cmov, cx8, fxsr, mmx, sse, sse2, sse3, ssse3, sse4.1, sse4.2, popcnt, avx, avx2, aes, clmul, erms, 3dnowpref, lzcnt, ht, tsc, tscinvbit, bmi1, bmi2, adx

/proc/cpuinfo:
processor	: 0
vendor_id	: GenuineIntel
cpu family	: 6
model		: 78
model name	: Intel(R) Core(TM) i5-6200U CPU @ 2.30GHz
stepping	: 3
microcode	: 0x6a
cpu MHz		: 2668.945
cache size	: 3072 KB
physical id	: 0
siblings	: 4
core id		: 0
cpu cores	: 2
apicid		: 0
initial apicid	: 0
fpu		: yes
fpu_exception	: yes
cpuid level	: 22
wp		: yes
flags		: fpu vme de pse tsc msr pae mce cx8 apic sep mtrr pge mca cmov pat pse36 clflush dts acpi mmx fxsr sse sse2 ss ht tm pbe syscall nx pdpe1gb rdtscp lm constant_tsc art arch_perfmon pebs bts rep_good nopl xtopology nonstop_tsc aperfmperf tsc_known_freq pni pclmulqdq dtes64 monitor ds_cpl vmx est tm2 ssse3 sdbg fma cx16 xtpr pdcm pcid sse4_1 sse4_2 x2apic movbe popcnt tsc_deadline_timer aes xsave avx f16c rdrand lahf_lm abm 3dnowprefetch epb intel_pt tpr_shadow vnmi flexpriority ept vpid fsgsbase tsc_adjust bmi1 avx2 smep bmi2 erms invpcid mpx rdseed adx smap clflushopt xsaveopt xsavec xgetbv1 xsaves dtherm ida arat pln pts hwp hwp_notify hwp_act_window hwp_epp
bugs		:
bogomips	: 4800.00
clflush size	: 64
cache_alignment	: 64
address sizes	: 39 bits physical, 48 bits virtual
power management:

processor	: 1
vendor_id	: GenuineIntel
cpu family	: 6
model		: 78
model name	: Intel(R) Core(TM) i5-6200U CPU @ 2.30GHz
stepping	: 3
microcode	: 0x6a
cpu MHz		: 2677.587
cache size	: 3072 KB
physical id	: 0
siblings	: 4
core id		: 1
cpu cores	: 2
apicid		: 2
initial apicid	: 2
fpu		: yes
fpu_exception	: yes
cpuid level	: 22
wp		: yes
flags		: fpu vme de pse tsc msr pae mce cx8 apic sep mtrr pge mca cmov pat pse36 clflush dts acpi mmx fxsr sse sse2 ss ht tm pbe syscall nx pdpe1gb rdtscp lm constant_tsc art arch_perfmon pebs bts rep_good nopl xtopology nonstop_tsc aperfmperf tsc_known_freq pni pclmulqdq dtes64 monitor ds_cpl vmx est tm2 ssse3 sdbg fma cx16 xtpr pdcm pcid sse4_1 sse4_2 x2apic movbe popcnt tsc_deadline_timer aes xsave avx f16c rdrand lahf_lm abm 3dnowprefetch epb intel_pt tpr_shadow vnmi flexpriority ept vpid fsgsbase tsc_adjust bmi1 avx2 smep bmi2 erms invpcid mpx rdseed adx smap clflushopt xsaveopt xsavec xgetbv1 xsaves dtherm ida arat pln pts hwp hwp_notify hwp_act_window hwp_epp
bugs		:
bogomips	: 4800.00
clflush size	: 64
cache_alignment	: 64
address sizes	: 39 bits physical, 48 bits virtual
power management:

processor	: 2
vendor_id	: GenuineIntel
cpu family	: 6
model		: 78
model name	: Intel(R) Core(TM) i5-6200U CPU @ 2.30GHz
stepping	: 3
microcode	: 0x6a
cpu MHz		: 2661.035
cache size	: 3072 KB
physical id	: 0
siblings	: 4
core id		: 0
cpu cores	: 2
apicid		: 1
initial apicid	: 1
fpu		: yes
fpu_exception	: yes
cpuid level	: 22
wp		: yes
flags		: fpu vme de pse tsc msr pae mce cx8 apic sep mtrr pge mca cmov pat pse36 clflush dts acpi mmx fxsr sse sse2 ss ht tm pbe syscall nx pdpe1gb rdtscp lm constant_tsc art arch_perfmon pebs bts rep_good nopl xtopology nonstop_tsc aperfmperf tsc_known_freq pni pclmulqdq dtes64 monitor ds_cpl vmx est tm2 ssse3 sdbg fma cx16 xtpr pdcm pcid sse4_1 sse4_2 x2apic movbe popcnt tsc_deadline_timer aes xsave avx f16c rdrand lahf_lm abm 3dnowprefetch epb intel_pt tpr_shadow vnmi flexpriority ept vpid fsgsbase tsc_adjust bmi1 avx2 smep bmi2 erms invpcid mpx rdseed adx smap clflushopt xsaveopt xsavec xgetbv1 xsaves dtherm ida arat pln pts hwp hwp_notify hwp_act_window hwp_epp
bugs		:
bogomips	: 4800.00
clflush size	: 64
cache_alignment	: 64
address sizes	: 39 bits physical, 48 bits virtual
power management:

processor	: 3
vendor_id	: GenuineIntel
cpu family	: 6
model		: 78
model name	: Intel(R) Core(TM) i5-6200U CPU @ 2.30GHz
stepping	: 3
microcode	: 0x6a
cpu MHz		: 2588.818
cache size	: 3072 KB
physical id	: 0
siblings	: 4
core id		: 1
cpu cores	: 2
apicid		: 3
initial apicid	: 3
fpu		: yes
fpu_exception	: yes
cpuid level	: 22
wp		: yes
flags		: fpu vme de pse tsc msr pae mce cx8 apic sep mtrr pge mca cmov pat pse36 clflush dts acpi mmx fxsr sse sse2 ss ht tm pbe syscall nx pdpe1gb rdtscp lm constant_tsc art arch_perfmon pebs bts rep_good nopl xtopology nonstop_tsc aperfmperf tsc_known_freq pni pclmulqdq dtes64 monitor ds_cpl vmx est tm2 ssse3 sdbg fma cx16 xtpr pdcm pcid sse4_1 sse4_2 x2apic movbe popcnt tsc_deadline_timer aes xsave avx f16c rdrand lahf_lm abm 3dnowprefetch epb intel_pt tpr_shadow vnmi flexpriority ept vpid fsgsbase tsc_adjust bmi1 avx2 smep bmi2 erms invpcid mpx rdseed adx smap clflushopt xsaveopt xsavec xgetbv1 xsaves dtherm ida arat pln pts hwp hwp_notify hwp_act_window hwp_epp
bugs		:
bogomips	: 4800.00
clflush size	: 64
cache_alignment	: 64
address sizes	: 39 bits physical, 48 bits virtual
power management:



Memory: 4k page, physical 8055040k(1530692k free), swap 2097148k(2097148k free)

vm_info: OpenJDK 64-Bit Server VM (25.151-b12) for linux-amd64 JRE (1.8.0_151-8u151-b12-0ubuntu0.17.04.2-b12), built on Oct 26 2017 19:48:24 by "buildd" with gcc 6.3.0 20170406

time: Tue Dec  5 20:28:51 2017
elapsed time: 8139 seconds (0d 2h 15m 39s)

